<?xml version="1.0" encoding="UTF-8"?>
<!-- Generated by org.testng.reporters.JUnitXMLReporter -->
<testsuite ignored="0" hostname="DESKTOP-A92CT9O" failures="1" tests="3" name="Error validation test" time="80.313" errors="0" timestamp="2024-10-13T18:32:43 IST">
  <testcase classname="wizehub.Tests.ErrorValidationsTest" name="LoginErrorValidation" time="4.976">
    <skipped/>
  </testcase> <!-- LoginErrorValidation -->
  <testcase classname="wizehub.Tests.ErrorValidationsTest" name="LoginErrorValidation" time="0.687">
    <failure type="java.lang.AssertionError" message="expected [Incorrect@ email or password.] but found [Incorrect email or password.]">
      <![CDATA[java.lang.AssertionError: expected [Incorrect@ email or password.] but found [Incorrect email or password.]
at wizehub.Tests.ErrorValidationsTest.LoginErrorValidation(ErrorValidationsTest.java:35)
at java.base/java.util.ArrayList.forEach(ArrayList.java:1596)
at java.base/java.util.concurrent.FutureTask.run(FutureTask.java:317)
at java.base/java.util.concurrent.ThreadPoolExecutor.runWorker(ThreadPoolExecutor.java:1144)
at java.base/java.util.concurrent.ThreadPoolExecutor$Worker.run(ThreadPoolExecutor.java:642)
at java.base/java.lang.Thread.run(Thread.java:1583)
... Removed 22 stack frames]]>
    </failure>
  </testcase> <!-- LoginErrorValidation -->
  <testcase classname="wizehub.Tests.ErrorValidationsTest" name="productErrorValidation" time="25.998"/>
</testsuite> <!-- Error validation test -->
